<?xml version="1.0" encoding="UTF-8"?>
<robot generator="Robot 3.2.2 (Python 3.9.1 on win32)" generated="20210323 22:01:10.962" rpa="false">
<suite id="s1" name="Tests" source="C:\Users\amerr\PycharmProjects\pythonProject3\Tests">
<suite id="s1-s1" name="Webtest" source="C:\Users\amerr\PycharmProjects\pythonProject3\Tests\webtest.robot">
<test id="s1-s1-t1" name="User can access website">
<kw name="Begin Web Test" type="setup">
<kw name="Open Browser" library="SeleniumLibrary">
<doc>Opens a new browser instance to the optional ``url``.</doc>
<arguments>
<arg>about:blank</arg>
<arg>${BROWSER}</arg>
</arguments>
<msg timestamp="20210323 22:01:11.620" level="INFO">Opening browser 'chrome' to base url 'about:blank'.</msg>
<status status="PASS" starttime="20210323 22:01:11.620" endtime="20210323 22:01:14.020"></status>
</kw>
<kw name="Set Selenium Speed" library="SeleniumLibrary">
<doc>Sets the delay that is waited after each Selenium command.</doc>
<arguments>
<arg>0.25</arg>
</arguments>
<status status="PASS" starttime="20210323 22:01:14.021" endtime="20210323 22:01:14.021"></status>
</kw>
<status status="PASS" starttime="20210323 22:01:11.619" endtime="20210323 22:01:14.022"></status>
</kw>
<kw name="Given Begin Web Test">
<kw name="Open Browser" library="SeleniumLibrary">
<doc>Opens a new browser instance to the optional ``url``.</doc>
<arguments>
<arg>about:blank</arg>
<arg>${BROWSER}</arg>
</arguments>
<msg timestamp="20210323 22:01:14.050" level="INFO">Opening browser 'chrome' to base url 'about:blank'.</msg>
<status status="PASS" starttime="20210323 22:01:14.049" endtime="20210323 22:01:16.315"></status>
</kw>
<kw name="Set Selenium Speed" library="SeleniumLibrary">
<doc>Sets the delay that is waited after each Selenium command.</doc>
<arguments>
<arg>0.25</arg>
</arguments>
<status status="PASS" starttime="20210323 22:01:16.315" endtime="20210323 22:01:16.316"></status>
</kw>
<status status="PASS" starttime="20210323 22:01:14.049" endtime="20210323 22:01:16.317"></status>
</kw>
<kw name="When Go To Web Page">
<kw name="Load Page">
<kw name="Go To" library="SeleniumLibrary">
<doc>Navigates the current browser window to the provided ``url``.</doc>
<arguments>
<arg>${URL}</arg>
</arguments>
<msg timestamp="20210323 22:01:16.327" level="INFO">Opening url 'http://rental4.infotiv.net/'</msg>
<status status="PASS" starttime="20210323 22:01:16.327" endtime="20210323 22:01:17.747"></status>
</kw>
<status status="PASS" starttime="20210323 22:01:16.325" endtime="20210323 22:01:17.747"></status>
</kw>
<kw name="Verify Page Loaded">
<kw name="Wait Until Page Contains" library="SeleniumLibrary">
<doc>Waits until ``text`` appears on the current page.</doc>
<arguments>
<arg>When do you want to make your trip?</arg>
</arguments>
<status status="PASS" starttime="20210323 22:01:17.748" endtime="20210323 22:01:18.030"></status>
</kw>
<status status="PASS" starttime="20210323 22:01:17.747" endtime="20210323 22:01:18.030"></status>
</kw>
<status status="PASS" starttime="20210323 22:01:16.325" endtime="20210323 22:01:18.030"></status>
</kw>
<kw name="Go To" library="SeleniumLibrary">
<doc>Navigates the current browser window to the provided ``url``.</doc>
<arguments>
<arg>http://rental4.infotiv.net/webpage/html/gui/index.php</arg>
</arguments>
<msg timestamp="20210323 22:01:18.031" level="INFO">Opening url 'http://rental4.infotiv.net/webpage/html/gui/index.php'</msg>
<status status="PASS" starttime="20210323 22:01:18.031" endtime="20210323 22:01:18.590"></status>
</kw>
<kw name="Set Selenium Speed" library="SeleniumLibrary">
<doc>Sets the delay that is waited after each Selenium command.</doc>
<arguments>
<arg>0.25</arg>
</arguments>
<status status="PASS" starttime="20210323 22:01:18.590" endtime="20210323 22:01:18.591"></status>
</kw>
<kw name="Wait Until Page Contains" library="SeleniumLibrary">
<doc>Waits until ``text`` appears on the current page.</doc>
<arguments>
<arg>When do you want to make your trip?</arg>
</arguments>
<status status="PASS" starttime="20210323 22:01:18.591" endtime="20210323 22:01:18.853"></status>
</kw>
<kw name="Set Selenium Implicit Wait" library="SeleniumLibrary">
<doc>Sets the implicit wait value used by Selenium.</doc>
<arguments>
<arg>0.25</arg>
</arguments>
<status status="PASS" starttime="20210323 22:01:18.853" endtime="20210323 22:01:19.359"></status>
</kw>
<kw name="Click Element" library="SeleniumLibrary">
<doc>Click the element identified by ``locator``.</doc>
<arguments>
<arg>xpath=//*[@id="continue"]</arg>
</arguments>
<msg timestamp="20210323 22:01:19.359" level="INFO">Clicking element 'xpath=//*[@id="continue"]'.</msg>
<status status="PASS" starttime="20210323 22:01:19.359" endtime="20210323 22:01:20.939"></status>
</kw>
<kw name="Wait Until Page Contains" library="SeleniumLibrary">
<doc>Waits until ``text`` appears on the current page.</doc>
<arguments>
<arg>What would you like to drive?</arg>
</arguments>
<status status="PASS" starttime="20210323 22:01:20.939" endtime="20210323 22:01:21.211"></status>
</kw>
<kw name="Set Selenium Implicit Wait" library="SeleniumLibrary">
<doc>Sets the implicit wait value used by Selenium.</doc>
<arguments>
<arg>0.25</arg>
</arguments>
<status status="PASS" starttime="20210323 22:01:21.212" endtime="20210323 22:01:21.718"></status>
</kw>
<kw name="Click Element" library="SeleniumLibrary">
<doc>Click the element identified by ``locator``.</doc>
<arguments>
<arg>xpath=//*[@id="backToDateButton"]</arg>
</arguments>
<msg timestamp="20210323 22:01:21.719" level="INFO">Clicking element 'xpath=//*[@id="backToDateButton"]'.</msg>
<status status="PASS" starttime="20210323 22:01:21.718" endtime="20210323 22:01:22.569"></status>
</kw>
<kw name="THEN end web test">
<kw name="Close All Browsers" library="SeleniumLibrary">
<doc>Closes all open browsers and resets the browser cache.</doc>
<status status="PASS" starttime="20210323 22:01:22.570" endtime="20210323 22:01:31.339"></status>
</kw>
<status status="PASS" starttime="20210323 22:01:22.569" endtime="20210323 22:01:31.339"></status>
</kw>
<kw name="End Web Test" type="teardown">
<kw name="Close All Browsers" library="SeleniumLibrary">
<doc>Closes all open browsers and resets the browser cache.</doc>
<status status="PASS" starttime="20210323 22:01:31.341" endtime="20210323 22:01:31.341"></status>
</kw>
<status status="PASS" starttime="20210323 22:01:31.340" endtime="20210323 22:01:31.341"></status>
</kw>
<doc>This is a test case part to check a functionality in the website "http://rental4.infotiv.net/". The functionality is to check whether the CONTINUE button is working fine and is displaying the showcase of cars.</doc>
<tags>
<tag>Test_CONTINUE_Button_Functionality</tag>
</tags>
<status status="PASS" starttime="20210323 22:01:11.618" endtime="20210323 22:01:31.341" critical="yes"></status>
</test>
<test id="s1-s1-t2" name="User can access website">
<kw name="Begin Web Test" type="setup">
<kw name="Open Browser" library="SeleniumLibrary">
<doc>Opens a new browser instance to the optional ``url``.</doc>
<arguments>
<arg>about:blank</arg>
<arg>${BROWSER}</arg>
</arguments>
<msg timestamp="20210323 22:01:31.346" level="INFO">Opening browser 'chrome' to base url 'about:blank'.</msg>
<status status="PASS" starttime="20210323 22:01:31.346" endtime="20210323 22:01:33.545"></status>
</kw>
<kw name="Set Selenium Speed" library="SeleniumLibrary">
<doc>Sets the delay that is waited after each Selenium command.</doc>
<arguments>
<arg>0.25</arg>
</arguments>
<status status="PASS" starttime="20210323 22:01:33.545" endtime="20210323 22:01:33.546"></status>
</kw>
<status status="PASS" starttime="20210323 22:01:31.345" endtime="20210323 22:01:33.546"></status>
</kw>
<kw name="Given Begin Web Test">
<kw name="Open Browser" library="SeleniumLibrary">
<doc>Opens a new browser instance to the optional ``url``.</doc>
<arguments>
<arg>about:blank</arg>
<arg>${BROWSER}</arg>
</arguments>
<msg timestamp="20210323 22:01:33.548" level="INFO">Opening browser 'chrome' to base url 'about:blank'.</msg>
<status status="PASS" starttime="20210323 22:01:33.548" endtime="20210323 22:01:35.579"></status>
</kw>
<kw name="Set Selenium Speed" library="SeleniumLibrary">
<doc>Sets the delay that is waited after each Selenium command.</doc>
<arguments>
<arg>0.25</arg>
</arguments>
<status status="PASS" starttime="20210323 22:01:35.579" endtime="20210323 22:01:35.580"></status>
</kw>
<status status="PASS" starttime="20210323 22:01:33.547" endtime="20210323 22:01:35.580"></status>
</kw>
<kw name="When Go To Web Page">
<kw name="Load Page">
<kw name="Go To" library="SeleniumLibrary">
<doc>Navigates the current browser window to the provided ``url``.</doc>
<arguments>
<arg>${URL}</arg>
</arguments>
<msg timestamp="20210323 22:01:35.582" level="INFO">Opening url 'http://rental4.infotiv.net/'</msg>
<status status="PASS" starttime="20210323 22:01:35.582" endtime="20210323 22:01:36.674"></status>
</kw>
<status status="PASS" starttime="20210323 22:01:35.581" endtime="20210323 22:01:36.674"></status>
</kw>
<kw name="Verify Page Loaded">
<kw name="Wait Until Page Contains" library="SeleniumLibrary">
<doc>Waits until ``text`` appears on the current page.</doc>
<arguments>
<arg>When do you want to make your trip?</arg>
</arguments>
<status status="PASS" starttime="20210323 22:01:36.675" endtime="20210323 22:01:36.949"></status>
</kw>
<status status="PASS" starttime="20210323 22:01:36.674" endtime="20210323 22:01:36.949"></status>
</kw>
<status status="PASS" starttime="20210323 22:01:35.581" endtime="20210323 22:01:36.949"></status>
</kw>
<kw name="Go To" library="SeleniumLibrary">
<doc>Navigates the current browser window to the provided ``url``.</doc>
<arguments>
<arg>http://rental4.infotiv.net/webpage/html/gui/index.php</arg>
</arguments>
<msg timestamp="20210323 22:01:36.950" level="INFO">Opening url 'http://rental4.infotiv.net/webpage/html/gui/index.php'</msg>
<status status="PASS" starttime="20210323 22:01:36.949" endtime="20210323 22:01:37.435"></status>
</kw>
<kw name="Set Selenium Speed" library="SeleniumLibrary">
<doc>Sets the delay that is waited after each Selenium command.</doc>
<arguments>
<arg>0.25</arg>
</arguments>
<status status="PASS" starttime="20210323 22:01:37.435" endtime="20210323 22:01:37.436"></status>
</kw>
<kw name="Wait Until Page Contains" library="SeleniumLibrary">
<doc>Waits until ``text`` appears on the current page.</doc>
<arguments>
<arg>When do you want to make your trip?</arg>
</arguments>
<status status="PASS" starttime="20210323 22:01:37.436" endtime="20210323 22:01:37.697"></status>
</kw>
<kw name="Set Selenium Implicit Wait" library="SeleniumLibrary">
<doc>Sets the implicit wait value used by Selenium.</doc>
<arguments>
<arg>0.25</arg>
</arguments>
<status status="PASS" starttime="20210323 22:01:37.697" endtime="20210323 22:01:38.201"></status>
</kw>
<kw name="Click Element" library="SeleniumLibrary">
<doc>Click the element identified by ``locator``.</doc>
<arguments>
<arg>xpath=//*[@id="email"]</arg>
</arguments>
<msg timestamp="20210323 22:01:38.202" level="INFO">Clicking element 'xpath=//*[@id="email"]'.</msg>
<status status="PASS" starttime="20210323 22:01:38.201" endtime="20210323 22:01:38.781"></status>
</kw>
<kw name="Input Text" library="SeleniumLibrary">
<doc>Types the given ``text`` into the text field identified by ``locator``.</doc>
<arguments>
<arg>id=email</arg>
<arg>amer.rasheed@gmail.com</arg>
</arguments>
<msg timestamp="20210323 22:01:38.782" level="INFO">Typing text 'amer.rasheed@gmail.com' into text field 'id=email'.</msg>
<status status="PASS" starttime="20210323 22:01:38.781" endtime="20210323 22:01:39.669"></status>
</kw>
<kw name="Click Element" library="SeleniumLibrary">
<doc>Click the element identified by ``locator``.</doc>
<arguments>
<arg>xpath=//*[@id="password"]</arg>
</arguments>
<msg timestamp="20210323 22:01:39.670" level="INFO">Clicking element 'xpath=//*[@id="password"]'.</msg>
<status status="PASS" starttime="20210323 22:01:39.669" endtime="20210323 22:01:40.241"></status>
</kw>
<kw name="Input Password" library="SeleniumLibrary">
<doc>Types the given password into the text field identified by ``locator``.</doc>
<arguments>
<arg>id=password</arg>
<arg>4487a1b1&amp;</arg>
</arguments>
<msg timestamp="20210323 22:01:40.242" level="INFO">Typing password into text field 'id=password'.</msg>
<msg timestamp="20210323 22:01:40.795" level="INFO">Temporally setting log level to: NONE</msg>
<msg timestamp="20210323 22:01:41.087" level="INFO">Log level changed from NONE to INFO.</msg>
<status status="PASS" starttime="20210323 22:01:40.241" endtime="20210323 22:01:41.087"></status>
</kw>
<kw name="Click Element" library="SeleniumLibrary">
<doc>Click the element identified by ``locator``.</doc>
<arguments>
<arg>id=login</arg>
</arguments>
<msg timestamp="20210323 22:01:41.088" level="INFO">Clicking element 'id=login'.</msg>
<status status="PASS" starttime="20210323 22:01:41.088" endtime="20210323 22:01:42.344"></status>
</kw>
<kw name="Click Element" library="SeleniumLibrary">
<doc>Click the element identified by ``locator``.</doc>
<arguments>
<arg>id=continue</arg>
</arguments>
<msg timestamp="20210323 22:01:42.345" level="INFO">Clicking element 'id=continue'.</msg>
<status status="PASS" starttime="20210323 22:01:42.344" endtime="20210323 22:01:43.885"></status>
</kw>
<kw name="Click Element" library="SeleniumLibrary">
<doc>Click the element identified by ``locator``.</doc>
<arguments>
<arg>id=bookQ7pass5</arg>
</arguments>
<msg timestamp="20210323 22:01:43.886" level="INFO">Clicking element 'id=bookQ7pass5'.</msg>
<status status="PASS" starttime="20210323 22:01:43.885" endtime="20210323 22:01:45.010"></status>
</kw>
<kw name="Click Element" library="SeleniumLibrary">
<doc>Click the element identified by ``locator``.</doc>
<arguments>
<arg>xpath=//*[@id="cardNum"]</arg>
</arguments>
<msg timestamp="20210323 22:01:45.021" level="INFO">Clicking element 'xpath=//*[@id="cardNum"]'.</msg>
<status status="PASS" starttime="20210323 22:01:45.020" endtime="20210323 22:01:45.631"></status>
</kw>
<kw name="Input Text" library="SeleniumLibrary">
<doc>Types the given ``text`` into the text field identified by ``locator``.</doc>
<arguments>
<arg>id=cardNum</arg>
<arg>1111222233334444</arg>
</arguments>
<msg timestamp="20210323 22:01:45.632" level="INFO">Typing text '1111222233334444' into text field 'id=cardNum'.</msg>
<status status="PASS" starttime="20210323 22:01:45.632" endtime="20210323 22:01:46.552"></status>
</kw>
<kw name="Click Element" library="SeleniumLibrary">
<doc>Click the element identified by ``locator``.</doc>
<arguments>
<arg>xpath=//*[@id="fullName"]</arg>
</arguments>
<msg timestamp="20210323 22:01:46.553" level="INFO">Clicking element 'xpath=//*[@id="fullName"]'.</msg>
<status status="PASS" starttime="20210323 22:01:46.552" endtime="20210323 22:01:47.156"></status>
</kw>
<kw name="Input Text" library="SeleniumLibrary">
<doc>Types the given ``text`` into the text field identified by ``locator``.</doc>
<arguments>
<arg>id=fullName</arg>
<arg>Amer Rasheed</arg>
</arguments>
<msg timestamp="20210323 22:01:47.158" level="INFO">Typing text 'Amer Rasheed' into text field 'id=fullName'.</msg>
<status status="PASS" starttime="20210323 22:01:47.158" endtime="20210323 22:01:48.062"></status>
</kw>
<kw name="Click Element" library="SeleniumLibrary">
<doc>Click the element identified by ``locator``.</doc>
<arguments>
<arg>xpath=//*[@id="cvc"]</arg>
</arguments>
<msg timestamp="20210323 22:01:48.063" level="INFO">Clicking element 'xpath=//*[@id="cvc"]'.</msg>
<status status="PASS" starttime="20210323 22:01:48.062" endtime="20210323 22:01:48.664"></status>
</kw>
<kw name="Input Text" library="SeleniumLibrary">
<doc>Types the given ``text`` into the text field identified by ``locator``.</doc>
<arguments>
<arg>id=cvc</arg>
<arg>786</arg>
</arguments>
<msg timestamp="20210323 22:01:48.665" level="INFO">Typing text '786' into text field 'id=cvc'.</msg>
<status status="PASS" starttime="20210323 22:01:48.664" endtime="20210323 22:01:49.523"></status>
</kw>
<kw name="Click Element" library="SeleniumLibrary">
<doc>Click the element identified by ``locator``.</doc>
<arguments>
<arg>id=confirm</arg>
</arguments>
<msg timestamp="20210323 22:01:49.524" level="INFO">Clicking element 'id=confirm'.</msg>
<status status="PASS" starttime="20210323 22:01:49.523" endtime="20210323 22:01:50.401"></status>
</kw>
<kw name="Click Element" library="SeleniumLibrary">
<doc>Click the element identified by ``locator``.</doc>
<arguments>
<arg>id=mypage</arg>
</arguments>
<msg timestamp="20210323 22:01:50.402" level="INFO">Clicking element 'id=mypage'.</msg>
<status status="PASS" starttime="20210323 22:01:50.401" endtime="20210323 22:01:51.273"></status>
</kw>
<kw name="Click Element" library="SeleniumLibrary">
<doc>Click the element identified by ``locator``.</doc>
<arguments>
<arg>id=logout</arg>
</arguments>
<msg timestamp="20210323 22:01:51.278" level="INFO">Clicking element 'id=logout'.</msg>
<status status="PASS" starttime="20210323 22:01:51.278" endtime="20210323 22:01:52.302"></status>
</kw>
<kw name="Set Selenium Implicit Wait" library="SeleniumLibrary">
<doc>Sets the implicit wait value used by Selenium.</doc>
<arguments>
<arg>0.25</arg>
</arguments>
<status status="PASS" starttime="20210323 22:01:52.302" endtime="20210323 22:01:52.809"></status>
</kw>
<kw name="THEN end web test">
<kw name="Close All Browsers" library="SeleniumLibrary">
<doc>Closes all open browsers and resets the browser cache.</doc>
<status status="PASS" starttime="20210323 22:01:52.810" endtime="20210323 22:01:58.046"></status>
</kw>
<status status="PASS" starttime="20210323 22:01:52.809" endtime="20210323 22:01:58.046"></status>
</kw>
<kw name="End Web Test" type="teardown">
<kw name="Close All Browsers" library="SeleniumLibrary">
<doc>Closes all open browsers and resets the browser cache.</doc>
<status status="PASS" starttime="20210323 22:01:58.048" endtime="20210323 22:01:58.048"></status>
</kw>
<status status="PASS" starttime="20210323 22:01:58.047" endtime="20210323 22:01:58.048"></status>
</kw>
<doc>This is a test case part to check the navigation flow to book a car.</doc>
<tags>
<tag>VG_tests</tag>
</tags>
<status status="PASS" starttime="20210323 22:01:31.344" endtime="20210323 22:01:58.048" critical="yes"></status>
</test>
<test id="s1-s1-t3" name="User can access website">
<kw name="Begin Web Test" type="setup">
<kw name="Open Browser" library="SeleniumLibrary">
<doc>Opens a new browser instance to the optional ``url``.</doc>
<arguments>
<arg>about:blank</arg>
<arg>${BROWSER}</arg>
</arguments>
<msg timestamp="20210323 22:01:58.053" level="INFO">Opening browser 'chrome' to base url 'about:blank'.</msg>
<status status="PASS" starttime="20210323 22:01:58.053" endtime="20210323 22:02:00.337"></status>
</kw>
<kw name="Set Selenium Speed" library="SeleniumLibrary">
<doc>Sets the delay that is waited after each Selenium command.</doc>
<arguments>
<arg>0.25</arg>
</arguments>
<status status="PASS" starttime="20210323 22:02:00.337" endtime="20210323 22:02:00.338"></status>
</kw>
<status status="PASS" starttime="20210323 22:01:58.052" endtime="20210323 22:02:00.338"></status>
</kw>
<kw name="Given Begin Web Test">
<kw name="Open Browser" library="SeleniumLibrary">
<doc>Opens a new browser instance to the optional ``url``.</doc>
<arguments>
<arg>about:blank</arg>
<arg>${BROWSER}</arg>
</arguments>
<msg timestamp="20210323 22:02:00.340" level="INFO">Opening browser 'chrome' to base url 'about:blank'.</msg>
<status status="PASS" starttime="20210323 22:02:00.339" endtime="20210323 22:02:02.325"></status>
</kw>
<kw name="Set Selenium Speed" library="SeleniumLibrary">
<doc>Sets the delay that is waited after each Selenium command.</doc>
<arguments>
<arg>0.25</arg>
</arguments>
<status status="PASS" starttime="20210323 22:02:02.325" endtime="20210323 22:02:02.326"></status>
</kw>
<status status="PASS" starttime="20210323 22:02:00.339" endtime="20210323 22:02:02.326"></status>
</kw>
<kw name="When Go To Web Page">
<kw name="Load Page">
<kw name="Go To" library="SeleniumLibrary">
<doc>Navigates the current browser window to the provided ``url``.</doc>
<arguments>
<arg>${URL}</arg>
</arguments>
<msg timestamp="20210323 22:02:02.328" level="INFO">Opening url 'http://rental4.infotiv.net/'</msg>
<status status="PASS" starttime="20210323 22:02:02.327" endtime="20210323 22:02:03.580"></status>
</kw>
<status status="PASS" starttime="20210323 22:02:02.327" endtime="20210323 22:02:03.580"></status>
</kw>
<kw name="Verify Page Loaded">
<kw name="Wait Until Page Contains" library="SeleniumLibrary">
<doc>Waits until ``text`` appears on the current page.</doc>
<arguments>
<arg>When do you want to make your trip?</arg>
</arguments>
<status status="PASS" starttime="20210323 22:02:03.581" endtime="20210323 22:02:03.847"></status>
</kw>
<status status="PASS" starttime="20210323 22:02:03.580" endtime="20210323 22:02:03.847"></status>
</kw>
<status status="PASS" starttime="20210323 22:02:02.327" endtime="20210323 22:02:03.847"></status>
</kw>
<kw name="Go To" library="SeleniumLibrary">
<doc>Navigates the current browser window to the provided ``url``.</doc>
<arguments>
<arg>http://rental4.infotiv.net/webpage/html/gui/index.php</arg>
</arguments>
<msg timestamp="20210323 22:02:03.848" level="INFO">Opening url 'http://rental4.infotiv.net/webpage/html/gui/index.php'</msg>
<status status="PASS" starttime="20210323 22:02:03.848" endtime="20210323 22:02:04.346"></status>
</kw>
<kw name="Set Selenium Speed" library="SeleniumLibrary">
<doc>Sets the delay that is waited after each Selenium command.</doc>
<arguments>
<arg>0.25</arg>
</arguments>
<status status="PASS" starttime="20210323 22:02:04.346" endtime="20210323 22:02:04.347"></status>
</kw>
<kw name="Wait Until Page Contains" library="SeleniumLibrary">
<doc>Waits until ``text`` appears on the current page.</doc>
<arguments>
<arg>When do you want to make your trip?</arg>
</arguments>
<status status="PASS" starttime="20210323 22:02:04.347" endtime="20210323 22:02:04.611"></status>
</kw>
<kw name="Set Selenium Implicit Wait" library="SeleniumLibrary">
<doc>Sets the implicit wait value used by Selenium.</doc>
<arguments>
<arg>0.25</arg>
</arguments>
<status status="PASS" starttime="20210323 22:02:04.611" endtime="20210323 22:02:05.116"></status>
</kw>
<kw name="Click Element" library="SeleniumLibrary">
<doc>Click the element identified by ``locator``.</doc>
<arguments>
<arg>xpath=//*[@id="about"]</arg>
</arguments>
<msg timestamp="20210323 22:02:05.117" level="INFO">Clicking element 'xpath=//*[@id="about"]'.</msg>
<status status="PASS" starttime="20210323 22:02:05.116" endtime="20210323 22:02:05.933"></status>
</kw>
<kw name="Wait Until Page Contains" library="SeleniumLibrary">
<doc>Waits until ``text`` appears on the current page.</doc>
<arguments>
<arg>Welcome</arg>
</arguments>
<status status="PASS" starttime="20210323 22:02:05.933" endtime="20210323 22:02:06.200"></status>
</kw>
<kw name="Set Selenium Implicit Wait" library="SeleniumLibrary">
<doc>Sets the implicit wait value used by Selenium.</doc>
<arguments>
<arg>0.25</arg>
</arguments>
<status status="PASS" starttime="20210323 22:02:06.200" endtime="20210323 22:02:06.705"></status>
</kw>
<kw name="Click Element" library="SeleniumLibrary">
<doc>Click the element identified by ``locator``.</doc>
<arguments>
<arg>xpath=//*[@id="title"]</arg>
</arguments>
<msg timestamp="20210323 22:02:06.705" level="INFO">Clicking element 'xpath=//*[@id="title"]'.</msg>
<status status="PASS" starttime="20210323 22:02:06.705" endtime="20210323 22:02:07.563"></status>
</kw>
<kw name="Wait Until Page Contains" library="SeleniumLibrary">
<doc>Waits until ``text`` appears on the current page.</doc>
<arguments>
<arg>When do you want to make your trip?</arg>
</arguments>
<status status="PASS" starttime="20210323 22:02:07.563" endtime="20210323 22:02:07.827"></status>
</kw>
<kw name="THEN end web test">
<kw name="Close All Browsers" library="SeleniumLibrary">
<doc>Closes all open browsers and resets the browser cache.</doc>
<status status="PASS" starttime="20210323 22:02:07.831" endtime="20210323 22:02:16.356"></status>
</kw>
<status status="PASS" starttime="20210323 22:02:07.831" endtime="20210323 22:02:16.356"></status>
</kw>
<kw name="End Web Test" type="teardown">
<kw name="Close All Browsers" library="SeleniumLibrary">
<doc>Closes all open browsers and resets the browser cache.</doc>
<status status="PASS" starttime="20210323 22:02:16.358" endtime="20210323 22:02:16.358"></status>
</kw>
<status status="PASS" starttime="20210323 22:02:16.357" endtime="20210323 22:02:16.358"></status>
</kw>
<doc>This is a test case part to check a functionality in the website "http://rental4.infotiv.net/". The functionality is to check whether the ABOUT button is working fine and is displaying the information about the Documentation and Source Code Link.</doc>
<tags>
<tag>Test_ABOUT_Button_Functionality</tag>
</tags>
<status status="PASS" starttime="20210323 22:01:58.051" endtime="20210323 22:02:16.359" critical="yes"></status>
</test>
<doc>This assignment is designed to test Selenium Tool. The motive is to check some functionalities in the website "http://rental4.infotiv.net/".</doc>
<status status="PASS" starttime="20210323 22:01:11.016" endtime="20210323 22:02:16.361"></status>
</suite>
<status status="PASS" starttime="20210323 22:01:10.966" endtime="20210323 22:02:16.368"></status>
</suite>
<statistics>
<total>
<stat pass="3" fail="0">Critical Tests</stat>
<stat pass="3" fail="0">All Tests</stat>
</total>
<tag>
<stat pass="1" fail="0">Test_ABOUT_Button_Functionality</stat>
<stat pass="1" fail="0">Test_CONTINUE_Button_Functionality</stat>
<stat pass="1" fail="0">VG_tests</stat>
</tag>
<suite>
<stat pass="3" fail="0" id="s1" name="Tests">Tests</stat>
<stat pass="3" fail="0" id="s1-s1" name="Webtest">Tests.Webtest</stat>
</suite>
</statistics>
<errors>
<msg timestamp="20210323 22:01:11.017" level="ERROR">Error in test case file 'C:\Users\amerr\PycharmProjects\pythonProject3\Tests\webtest.robot': Creating keyword 'Verify Search Completed' failed: Keyword with same name defined multiple times.</msg>
<msg timestamp="20210323 22:01:31.343" level="WARN">Multiple test cases with name 'User can access website' executed in test suite 'Tests.Webtest'.</msg>
<msg timestamp="20210323 22:01:58.050" level="WARN">Multiple test cases with name 'User can access website' executed in test suite 'Tests.Webtest'.</msg>
</errors>
</robot>
